<?xml version="1.0" encoding="UTF-8"?>
<!-- Generated by org.testng.reporters.JUnitReportReporter -->
<testsuite skipped="0" hostname="PC1" name="com.DataDriven.test.MultiDataExecution" tests="4" failures="0" timestamp="05 Dec 2019 04:54:11 GMT" time="106.268" errors="0">
  <testcase name="ExecuteAll" time="29.952" classname="com.DataDriven.test.MultiDataExecution"/>
  <testcase name="ExecuteAll" time="28.022" classname="com.DataDriven.test.MultiDataExecution"/>
  <testcase name="ExecuteAll" time="22.980" classname="com.DataDriven.test.MultiDataExecution"/>
  <testcase name="ExecuteAll" time="25.314" classname="com.DataDriven.test.MultiDataExecution"/>
</testsuite> <!-- com.DataDriven.test.MultiDataExecution -->
